Build started 08-10-2014 14:39:32.
     1>Project "D:\GDB\MinG++ IDE\Express Edition\Express Edition.vcxproj" on node 2 (build target(s)).
     1>InitializeBuildStatus:
         Creating "Debug\MinG++ IDE.unsuccessfulbuild" because "AlwaysCreate" was specified.
       ClCompile:
         C:\Program Files (x86)\Microsoft Visual Studio 10.0\VC\bin\CL.exe /c /I"D:\libs\wxWidgets-3.0.1\lib\vc_lib\mswud" /I"D:\libs\wxWidgets-3.0.1\include" /ZI /nologo /W3 /WX- /Od /Oy- /D WIN32 /D _DEBUG /D _CONSOLE /D _UNICODE /D UNICODE /Gm /EHsc /RTC1 /MDd /GS /fp:precise /Zc:wchar_t /Zc:forScope /Fo"Debug\\" /Fd"Debug\vc100.pdb" /Gd /TP /analyze- /errorReport:prompt ..\mainframe.cpp
         mainframe.cpp
     1>d:\gdb\ming++ ide\mainframe.cpp(1640): warning C4018: '<' : signed/unsigned mismatch
     1>d:\gdb\ming++ ide\mainframe.cpp(1960): warning C4018: '<' : signed/unsigned mismatch
       ManifestResourceCompile:
         All outputs are up-to-date.
       Link:
         C:\Program Files (x86)\Microsoft Visual Studio 10.0\VC\bin\link.exe /ERRORREPORT:PROMPT /OUT:"D:\GDB\MinG++ IDE\Debug\MinG++ IDE.exe" /INCREMENTAL /NOLOGO /LIBPATH:"D:\libs\wxWidgets-3.0.1\lib\vc_lib" wxmsw30ud_stc.lib wxmsw30ud_propgrid.lib wxmsw30ud_core.lib wxbase30ud.lib wxscintillad.lib wxmsw30ud_aui.lib wxmsw30ud_html.lib wxmsw30ud_adv.lib wxbase30ud_xml.lib wxtiffd.lib wxjpegd.lib wxpngd.lib wxzlibd.lib wxregexud.lib wxexpatd.lib kernel32.lib user32.lib gdi32.lib comdlg32.lib winspool.lib winmm.lib shell32.lib comctl32.lib ole32.lib oleaut32.lib uuid.lib rpcrt4.lib advapi32.lib wsock32.lib wininet.lib kernel32.lib user32.lib gdi32.lib winspool.lib comdlg32.lib advapi32.lib shell32.lib ole32.lib oleaut32.lib uuid.lib odbc32.lib odbccp32.lib /MANIFEST /ManifestFile:"Debug\MinG++ IDE.exe.intermediate.manifest" /MANIFESTUAC:"level='asInvoker' uiAccess='false'" /DEBUG /PDB:"D:\GDB\MinG++ IDE\Debug\MinG++ IDE.pdb" /SUBSYSTEM:WINDOWS /TLBID:1 /DYNAMICBASE /NXCOMPAT /IMPLIB:"D:\GDB\MinG++ IDE\Debug\MinG++ IDE.lib" /MACHINE:X86 "Debug\MinG++ IDE.exe.embed.manifest.res"
         Debug\edit.obj
         Debug\mainframe.obj
         Debug\NewDialog.obj
         Debug\NewFile.obj
         Debug\prefs.obj
       Manifest:
         C:\Program Files (x86)\Microsoft SDKs\Windows\v7.0A\bin\mt.exe /nologo /verbose /out:"Debug\MinG++ IDE.exe.embed.manifest" /manifest "Debug\MinG++ IDE.exe.intermediate.manifest"
         All outputs are up-to-date.
       LinkEmbedManifest:
         All outputs are up-to-date.
         Express Edition.vcxproj -> D:\GDB\MinG++ IDE\Debug\MinG++ IDE.exe
       FinalizeBuildStatus:
         Deleting file "Debug\MinG++ IDE.unsuccessfulbuild".
         Touching "Debug\MinG++ IDE.lastbuildstate".
     1>Done Building Project "D:\GDB\MinG++ IDE\Express Edition\Express Edition.vcxproj" (build target(s)).

Build succeeded.

Time Elapsed 00:00:05.03
