D:\GDB\MING++ IDE\DEBUG\MING++ IDE.EXE
D:\GDB\MING++ IDE\DEBUG\MING++ IDE.ILK
D:\GDB\MING++ IDE\DEBUG\MING++ IDE.PDB
D:\GDB\MinG++ IDE\Express Edition\Debug\cl.command.1.tlog
D:\GDB\MinG++ IDE\Express Edition\Debug\CL.read.1.tlog
D:\GDB\MinG++ IDE\Express Edition\Debug\CL.write.1.tlog
D:\GDB\MING++ IDE\EXPRESS EDITION\DEBUG\EDIT.OBJ
D:\GDB\MinG++ IDE\Express Edition\Debug\link.8432.read.1.tlog
D:\GDB\MinG++ IDE\Express Edition\Debug\link.8432.write.1.tlog
D:\GDB\MinG++ IDE\Express Edition\Debug\link.8432-cvtres.read.1.tlog
D:\GDB\MinG++ IDE\Express Edition\Debug\link.8432-cvtres.write.1.tlog
D:\GDB\MinG++ IDE\Express Edition\Debug\link.command.1.tlog
D:\GDB\MinG++ IDE\Express Edition\Debug\link.read.1.tlog
D:\GDB\MinG++ IDE\Express Edition\Debug\link.write.1.tlog
D:\GDB\MinG++ IDE\Express Edition\Debug\link-cvtres.read.1.tlog
D:\GDB\MinG++ IDE\Express Edition\Debug\link-cvtres.write.1.tlog
D:\GDB\MING++ IDE\EXPRESS EDITION\DEBUG\MAINFRAME.OBJ
D:\GDB\MING++ IDE\EXPRESS EDITION\DEBUG\MING++ IDE.EXE.EMBED.MANIFEST
D:\GDB\MING++ IDE\EXPRESS EDITION\DEBUG\MING++ IDE.EXE.EMBED.MANIFEST.RES
D:\GDB\MING++ IDE\EXPRESS EDITION\DEBUG\MING++ IDE.EXE.INTERMEDIATE.MANIFEST
D:\GDB\MinG++ IDE\Express Edition\Debug\MinG++ IDE.write.1.tlog
D:\GDB\MinG++ IDE\Express Edition\Debug\MinG++ IDE_manifest.rc
D:\GDB\MinG++ IDE\Express Edition\Debug\mt.command.1.tlog
D:\GDB\MinG++ IDE\Express Edition\Debug\mt.read.1.tlog
D:\GDB\MinG++ IDE\Express Edition\Debug\mt.write.1.tlog
D:\GDB\MING++ IDE\EXPRESS EDITION\DEBUG\NEWDIALOG.OBJ
D:\GDB\MING++ IDE\EXPRESS EDITION\DEBUG\NEWFILE.OBJ
D:\GDB\MING++ IDE\EXPRESS EDITION\DEBUG\PREFS.OBJ
D:\GDB\MinG++ IDE\Express Edition\Debug\rc.command.1.tlog
D:\GDB\MinG++ IDE\Express Edition\Debug\rc.read.1.tlog
D:\GDB\MinG++ IDE\Express Edition\Debug\rc.write.1.tlog
D:\GDB\MinG++ IDE\Express Edition\Debug\vc100.idb
D:\GDB\MING++ IDE\EXPRESS EDITION\DEBUG\VC100.PDB
